<?xml version="1.0" encoding="UTF-8"?>
<!-- Generated by org.testng.reporters.JUnitReportReporter -->
<testsuite skipped="0" hostname="MUBIN" name="com.project.tests.Test1" tests="1" failures="0" timestamp="2020-01-20T16:02:11 IST" time="41.254" errors="0">
  <testcase name="method1" time="41.254" classname="com.project.tests.Test1"/>
  <system-out>
hello world  </system-out>
</testsuite> <!-- com.project.tests.Test1 -->
