<?xml version="1.0" encoding="UTF-8"?>
<!-- Generated by org.testng.reporters.JUnitReportReporter -->
<testsuite skipped="0" hostname="MUBIN" name="com.project.tests.Test2" tests="1" failures="0" timestamp="2020-01-20T16:02:11 IST" time="14.513" errors="0">
  <testcase name="method1" time="14.513" classname="com.project.tests.Test2"/>
  <system-out>
hello world  </system-out>
</testsuite> <!-- com.project.tests.Test2 -->
